# JRE version: OpenJDK Runtime Environment Temurin-21.0.8+9 (21.0.8+9) (build 21.0.8+9-LTS)
# Java VM: OpenJDK 64-Bit Server VM Temurin-21.0.8+9 (21.0.8+9-LTS, mixed mode, sharing, tiered, compressed oops, compressed class ptrs, parallel gc, windows-amd64)
GC Precious Log:
 CardTable entry size: 512
 CPUs: 8 total, 8 available
 Memory: 5965M
 Large Page Support: Disabled
 NUMA Support: Disabled
 Compressed Oops: Enabled (32-bit)
 Alignments: Space 512K, Generation 512K, Heap 2M
 Heap Min Capacity: 100M
 Heap Initial Capacity: 100M
 Heap Max Capacity: 2G
 Pre-touch: Disabled
 Parallel Workers: 8
Heap:
 PSYoungGen      total 23552K, used 13018K [0x00000000d5580000, 0x00000000d7200000, 0x0000000100000000)
  eden space 20480K, 50% used [0x00000000d5580000,0x00000000d5fad6d8,0x00000000d6980000)
  from space 3072K, 84% used [0x00000000d6f00000,0x00000000d7189130,0x00000000d7200000)
  to   space 3584K, 0% used [0x00000000d6b00000,0x00000000d6b00000,0x00000000d6e80000)
 ParOldGen       total 68608K, used 45551K [0x0000000080000000, 0x0000000084300000, 0x00000000d5580000)
  object space 68608K, 66% used [0x0000000080000000,0x0000000082c7bc78,0x0000000084300000)
 Metaspace       used 51600K, committed 52864K, reserved 1114112K
  class space    used 5572K, committed 6080K, reserved 1048576K
GC Heap History (20 events):
Event: 11.743 GC heap before
{Heap before GC invocations=21 (full 2):
 PSYoungGen      total 24576K, used 24320K [0x00000000d5580000, 0x00000000d7100000, 0x0000000100000000)
  eden space 22016K, 100% used [0x00000000d5580000,0x00000000d6b00000,0x00000000d6b00000)
  from space 2560K, 90% used [0x00000000d6e80000,0x00000000d70c0060,0x00000000d7100000)
  to   space 2560K, 0% used [0x00000000d6c00000,0x00000000d6c00000,0x00000000d6e80000)
 ParOldGen       total 68608K, used 23922K [0x0000000080000000, 0x0000000084300000, 0x00000000d5580000)
  object space 68608K, 34% used [0x0000000080000000,0x000000008175c818,0x0000000084300000)
 Metaspace       used 44253K, committed 45440K, reserved 1114112K
  class space    used 4756K, committed 5312K, reserved 1048576K
}
Event: 11.748 GC heap after
{Heap after GC invocations=21 (full 2):
 PSYoungGen      total 24576K, used 2065K [0x00000000d5580000, 0x00000000d7000000, 0x0000000100000000)
  eden space 22016K, 0% used [0x00000000d5580000,0x00000000d5580000,0x00000000d6b00000)
  from space 2560K, 80% used [0x00000000d6c00000,0x00000000d6e04400,0x00000000d6e80000)
  to   space 1536K, 0% used [0x00000000d6e80000,0x00000000d6e80000,0x00000000d7000000)
 ParOldGen       total 68608K, used 26069K [0x0000000080000000, 0x0000000084300000, 0x00000000d5580000)
  object space 68608K, 37% used [0x0000000080000000,0x0000000081975598,0x0000000084300000)
 Metaspace       used 44253K, committed 45440K, reserved 1114112K
  class space    used 4756K, committed 5312K, reserved 1048576K
}
Event: 11.844 GC heap before
{Heap before GC invocations=22 (full 2):
 PSYoungGen      total 24576K, used 24081K [0x00000000d5580000, 0x00000000d7000000, 0x0000000100000000)
  eden space 22016K, 100% used [0x00000000d5580000,0x00000000d6b00000,0x00000000d6b00000)
  from space 2560K, 80% used [0x00000000d6c00000,0x00000000d6e04400,0x00000000d6e80000)
  to   space 1536K, 0% used [0x00000000d6e80000,0x00000000d6e80000,0x00000000d7000000)
 ParOldGen       total 68608K, used 26069K [0x0000000080000000, 0x0000000084300000, 0x00000000d5580000)
  object space 68608K, 37% used [0x0000000080000000,0x0000000081975598,0x0000000084300000)
 Metaspace       used 44775K, committed 46016K, reserved 1114112K
  class space    used 4812K, committed 5376K, reserved 1048576K
}
Event: 11.848 GC heap after
{Heap after GC invocations=22 (full 2):
 PSYoungGen      total 22016K, used 1506K [0x00000000d5580000, 0x00000000d7500000, 0x0000000100000000)
  eden space 20480K, 0% used [0x00000000d5580000,0x00000000d5580000,0x00000000d6980000)
  from space 1536K, 98% used [0x00000000d6e80000,0x00000000d6ff8810,0x00000000d7000000)
  to   space 5120K, 0% used [0x00000000d6980000,0x00000000d6980000,0x00000000d6e80000)
 ParOldGen       total 68608K, used 28827K [0x0000000080000000, 0x0000000084300000, 0x00000000d5580000)
  object space 68608K, 42% used [0x0000000080000000,0x0000000081c26c28,0x0000000084300000)
 Metaspace       used 44775K, committed 46016K, reserved 1114112K
  class space    used 4812K, committed 5376K, reserved 1048576K
}
Event: 11.950 GC heap before
{Heap before GC invocations=23 (full 2):
 PSYoungGen      total 22016K, used 21986K [0x00000000d5580000, 0x00000000d7500000, 0x0000000100000000)
  eden space 20480K, 100% used [0x00000000d5580000,0x00000000d6980000,0x00000000d6980000)
  from space 1536K, 98% used [0x00000000d6e80000,0x00000000d6ff8810,0x00000000d7000000)
  to   space 5120K, 0% used [0x00000000d6980000,0x00000000d6980000,0x00000000d6e80000)
 ParOldGen       total 68608K, used 28827K [0x0000000080000000, 0x0000000084300000, 0x00000000d5580000)
  object space 68608K, 42% used [0x0000000080000000,0x0000000081c26c28,0x0000000084300000)
 Metaspace       used 45125K, committed 46336K, reserved 1114112K
  class space    used 4859K, committed 5440K, reserved 1048576K
}
Event: 11.954 GC heap after
{Heap after GC invocations=23 (full 2):
 PSYoungGen      total 23040K, used 2452K [0x00000000d5580000, 0x00000000d7080000, 0x0000000100000000)
  eden space 20480K, 0% used [0x00000000d5580000,0x00000000d5580000,0x00000000d6980000)
  from space 2560K, 95% used [0x00000000d6980000,0x00000000d6be53c8,0x00000000d6c00000)
  to   space 3584K, 0% used [0x00000000d6d00000,0x00000000d6d00000,0x00000000d7080000)
 ParOldGen       total 68608K, used 30215K [0x0000000080000000, 0x0000000084300000, 0x00000000d5580000)
  object space 68608K, 44% used [0x0000000080000000,0x0000000081d81c68,0x0000000084300000)
 Metaspace       used 45125K, committed 46336K, reserved 1114112K
  class space    used 4859K, committed 5440K, reserved 1048576K
}
Event: 12.043 GC heap before
{Heap before GC invocations=24 (full 2):
 PSYoungGen      total 23040K, used 22932K [0x00000000d5580000, 0x00000000d7080000, 0x0000000100000000)
  eden space 20480K, 100% used [0x00000000d5580000,0x00000000d6980000,0x00000000d6980000)
  from space 2560K, 95% used [0x00000000d6980000,0x00000000d6be53c8,0x00000000d6c00000)
  to   space 3584K, 0% used [0x00000000d6d00000,0x00000000d6d00000,0x00000000d7080000)
 ParOldGen       total 68608K, used 30215K [0x0000000080000000, 0x0000000084300000, 0x00000000d5580000)
  object space 68608K, 44% used [0x0000000080000000,0x0000000081d81c68,0x0000000084300000)
 Metaspace       used 45328K, committed 46592K, reserved 1114112K
  class space    used 4888K, committed 5440K, reserved 1048576K
}
Event: 12.047 GC heap after
{Heap after GC invocations=24 (full 2):
 PSYoungGen      total 23040K, used 2231K [0x00000000d5580000, 0x00000000d6f80000, 0x0000000100000000)
  eden space 20480K, 0% used [0x00000000d5580000,0x00000000d5580000,0x00000000d6980000)
  from space 2560K, 87% used [0x00000000d6d00000,0x00000000d6f2df08,0x00000000d6f80000)
  to   space 2560K, 0% used [0x00000000d6980000,0x00000000d6980000,0x00000000d6c00000)
 ParOldGen       total 68608K, used 32465K [0x0000000080000000, 0x0000000084300000, 0x00000000d5580000)
  object space 68608K, 47% used [0x0000000080000000,0x0000000081fb46c0,0x0000000084300000)
 Metaspace       used 45328K, committed 46592K, reserved 1114112K
  class space    used 4888K, committed 5440K, reserved 1048576K
}
Event: 12.180 GC heap before
{Heap before GC invocations=25 (full 2):
 PSYoungGen      total 23040K, used 22711K [0x00000000d5580000, 0x00000000d6f80000, 0x0000000100000000)
  eden space 20480K, 100% used [0x00000000d5580000,0x00000000d6980000,0x00000000d6980000)
  from space 2560K, 87% used [0x00000000d6d00000,0x00000000d6f2df08,0x00000000d6f80000)
  to   space 2560K, 0% used [0x00000000d6980000,0x00000000d6980000,0x00000000d6c00000)
 ParOldGen       total 68608K, used 32465K [0x0000000080000000, 0x0000000084300000, 0x00000000d5580000)
  object space 68608K, 47% used [0x0000000080000000,0x0000000081fb46c0,0x0000000084300000)
 Metaspace       used 45655K, committed 46912K, reserved 1114112K
  class space    used 4931K, committed 5504K, reserved 1048576K
}
Event: 12.185 GC heap after
{Heap after GC invocations=25 (full 2):
 PSYoungGen      total 23040K, used 2368K [0x00000000d5580000, 0x00000000d6e80000, 0x0000000100000000)
  eden space 20480K, 0% used [0x00000000d5580000,0x00000000d5580000,0x00000000d6980000)
  from space 2560K, 92% used [0x00000000d6980000,0x00000000d6bd0010,0x00000000d6c00000)
  to   space 2560K, 0% used [0x00000000d6c00000,0x00000000d6c00000,0x00000000d6e80000)
 ParOldGen       total 68608K, used 34555K [0x0000000080000000, 0x0000000084300000, 0x00000000d5580000)
  object space 68608K, 50% used [0x0000000080000000,0x00000000821bee08,0x0000000084300000)
 Metaspace       used 45655K, committed 46912K, reserved 1114112K
  class space    used 4931K, committed 5504K, reserved 1048576K
}
Event: 12.267 GC heap before
{Heap before GC invocations=26 (full 2):
 PSYoungGen      total 23040K, used 22844K [0x00000000d5580000, 0x00000000d6e80000, 0x0000000100000000)
  eden space 20480K, 99% used [0x00000000d5580000,0x00000000d697f258,0x00000000d6980000)
  from space 2560K, 92% used [0x00000000d6980000,0x00000000d6bd0010,0x00000000d6c00000)
  to   space 2560K, 0% used [0x00000000d6c00000,0x00000000d6c00000,0x00000000d6e80000)
 ParOldGen       total 68608K, used 34555K [0x0000000080000000, 0x0000000084300000, 0x00000000d5580000)
  object space 68608K, 50% used [0x0000000080000000,0x00000000821bee08,0x0000000084300000)
 Metaspace       used 45987K, committed 47168K, reserved 1114112K
  class space    used 4982K, committed 5504K, reserved 1048576K
}
Event: 12.271 GC heap after
{Heap after GC invocations=26 (full 2):
 PSYoungGen      total 23040K, used 2139K [0x00000000d5580000, 0x00000000d6e80000, 0x0000000100000000)
  eden space 20480K, 0% used [0x00000000d5580000,0x00000000d5580000,0x00000000d6980000)
  from space 2560K, 83% used [0x00000000d6c00000,0x00000000d6e16c08,0x00000000d6e80000)
  to   space 2560K, 0% used [0x00000000d6980000,0x00000000d6980000,0x00000000d6c00000)
 ParOldGen       total 68608K, used 36801K [0x0000000080000000, 0x0000000084300000, 0x00000000d5580000)
  object space 68608K, 53% used [0x0000000080000000,0x00000000823f05b0,0x0000000084300000)
 Metaspace       used 45987K, committed 47168K, reserved 1114112K
  class space    used 4982K, committed 5504K, reserved 1048576K
}
Event: 12.595 GC heap before
{Heap before GC invocations=27 (full 2):
 PSYoungGen      total 23040K, used 22618K [0x00000000d5580000, 0x00000000d6e80000, 0x0000000100000000)
  eden space 20480K, 99% used [0x00000000d5580000,0x00000000d697ffe0,0x00000000d6980000)
  from space 2560K, 83% used [0x00000000d6c00000,0x00000000d6e16c08,0x00000000d6e80000)
  to   space 2560K, 0% used [0x00000000d6980000,0x00000000d6980000,0x00000000d6c00000)
 ParOldGen       total 68608K, used 36801K [0x0000000080000000, 0x0000000084300000, 0x00000000d5580000)
  object space 68608K, 53% used [0x0000000080000000,0x00000000823f05b0,0x0000000084300000)
 Metaspace       used 47662K, committed 48896K, reserved 1114112K
  class space    used 5157K, committed 5696K, reserved 1048576K
}
Event: 12.598 GC heap after
{Heap after GC invocations=27 (full 2):
 PSYoungGen      total 23040K, used 2551K [0x00000000d5580000, 0x00000000d7380000, 0x0000000100000000)
  eden space 20480K, 0% used [0x00000000d5580000,0x00000000d5580000,0x00000000d6980000)
  from space 2560K, 99% used [0x00000000d6980000,0x00000000d6bfddf8,0x00000000d6c00000)
  to   space 5120K, 0% used [0x00000000d6e80000,0x00000000d6e80000,0x00000000d7380000)
 ParOldGen       total 68608K, used 38908K [0x0000000080000000, 0x0000000084300000, 0x00000000d5580000)
  object space 68608K, 56% used [0x0000000080000000,0x00000000825ff3f8,0x0000000084300000)
 Metaspace       used 47662K, committed 48896K, reserved 1114112K
  class space    used 5157K, committed 5696K, reserved 1048576K
}
Event: 12.914 GC heap before
{Heap before GC invocations=28 (full 2):
 PSYoungGen      total 23040K, used 23031K [0x00000000d5580000, 0x00000000d7380000, 0x0000000100000000)
  eden space 20480K, 100% used [0x00000000d5580000,0x00000000d6980000,0x00000000d6980000)
  from space 2560K, 99% used [0x00000000d6980000,0x00000000d6bfddf8,0x00000000d6c00000)
  to   space 5120K, 0% used [0x00000000d6e80000,0x00000000d6e80000,0x00000000d7380000)
 ParOldGen       total 68608K, used 38908K [0x0000000080000000, 0x0000000084300000, 0x00000000d5580000)
  object space 68608K, 56% used [0x0000000080000000,0x00000000825ff3f8,0x0000000084300000)
 Metaspace       used 48595K, committed 49792K, reserved 1114112K
  class space    used 5270K, committed 5824K, reserved 1048576K
}
Event: 12.917 GC heap after
{Heap after GC invocations=28 (full 2):
 PSYoungGen      total 22528K, used 1690K [0x00000000d5580000, 0x00000000d7080000, 0x0000000100000000)
  eden space 20480K, 0% used [0x00000000d5580000,0x00000000d5580000,0x00000000d6980000)
  from space 2048K, 82% used [0x00000000d6e80000,0x00000000d70268a0,0x00000000d7080000)
  to   space 3072K, 0% used [0x00000000d6a80000,0x00000000d6a80000,0x00000000d6d80000)
 ParOldGen       total 68608K, used 41366K [0x0000000080000000, 0x0000000084300000, 0x00000000d5580000)
  object space 68608K, 60% used [0x0000000080000000,0x00000000828659b0,0x0000000084300000)
 Metaspace       used 48595K, committed 49792K, reserved 1114112K
  class space    used 5270K, committed 5824K, reserved 1048576K
}
Event: 13.364 GC heap before
{Heap before GC invocations=29 (full 2):
 PSYoungGen      total 22528K, used 22170K [0x00000000d5580000, 0x00000000d7080000, 0x0000000100000000)
  eden space 20480K, 100% used [0x00000000d5580000,0x00000000d6980000,0x00000000d6980000)
  from space 2048K, 82% used [0x00000000d6e80000,0x00000000d70268a0,0x00000000d7080000)
  to   space 3072K, 0% used [0x00000000d6a80000,0x00000000d6a80000,0x00000000d6d80000)
 ParOldGen       total 68608K, used 41366K [0x0000000080000000, 0x0000000084300000, 0x00000000d5580000)
  object space 68608K, 60% used [0x0000000080000000,0x00000000828659b0,0x0000000084300000)
 Metaspace       used 49837K, committed 51072K, reserved 1114112K
  class space    used 5374K, committed 5888K, reserved 1048576K
}
Event: 13.368 GC heap after
{Heap after GC invocations=29 (full 2):
 PSYoungGen      total 23552K, used 3044K [0x00000000d5580000, 0x00000000d7480000, 0x0000000100000000)
  eden space 20480K, 0% used [0x00000000d5580000,0x00000000d5580000,0x00000000d6980000)
  from space 3072K, 99% used [0x00000000d6a80000,0x00000000d6d79028,0x00000000d6d80000)
  to   space 5632K, 0% used [0x00000000d6f00000,0x00000000d6f00000,0x00000000d7480000)
 ParOldGen       total 68608K, used 42958K [0x0000000080000000, 0x0000000084300000, 0x00000000d5580000)
  object space 68608K, 62% used [0x0000000080000000,0x00000000829f3988,0x0000000084300000)
 Metaspace       used 49837K, committed 51072K, reserved 1114112K
  class space    used 5374K, committed 5888K, reserved 1048576K
}
Event: 14.017 GC heap before
{Heap before GC invocations=30 (full 2):
 PSYoungGen      total 23552K, used 23524K [0x00000000d5580000, 0x00000000d7480000, 0x0000000100000000)
  eden space 20480K, 100% used [0x00000000d5580000,0x00000000d6980000,0x00000000d6980000)
  from space 3072K, 99% used [0x00000000d6a80000,0x00000000d6d79028,0x00000000d6d80000)
  to   space 5632K, 0% used [0x00000000d6f00000,0x00000000d6f00000,0x00000000d7480000)
 ParOldGen       total 68608K, used 42958K [0x0000000080000000, 0x0000000084300000, 0x00000000d5580000)
  object space 68608K, 62% used [0x0000000080000000,0x00000000829f3988,0x0000000084300000)
 Metaspace       used 51318K, committed 52608K, reserved 1114112K
  class space    used 5529K, committed 6080K, reserved 1048576K
}
Event: 14.020 GC heap after
{Heap after GC invocations=30 (full 2):
 PSYoungGen      total 23552K, used 2596K [0x00000000d5580000, 0x00000000d7200000, 0x0000000100000000)
  eden space 20480K, 0% used [0x00000000d5580000,0x00000000d5580000,0x00000000d6980000)
  from space 3072K, 84% used [0x00000000d6f00000,0x00000000d7189130,0x00000000d7200000)
  to   space 3584K, 0% used [0x00000000d6b00000,0x00000000d6b00000,0x00000000d6e80000)
 ParOldGen       total 68608K, used 45551K [0x0000000080000000, 0x0000000084300000, 0x00000000d5580000)
  object space 68608K, 66% used [0x0000000080000000,0x0000000082c7bc78,0x0000000084300000)
 Metaspace       used 51318K, committed 52608K, reserved 1114112K
  class space    used 5529K, committed 6080K, reserved 1048576K
}

