# JRE version: OpenJDK Runtime Environment Temurin-21.0.8+9 (21.0.8+9) (build 21.0.8+9-LTS)
# Java VM: OpenJDK 64-Bit Server VM Temurin-21.0.8+9 (21.0.8+9-LTS, mixed mode, sharing, tiered, compressed oops, compressed class ptrs, parallel gc, windows-amd64)
GC Precious Log:
 CardTable entry size: 512
 CPUs: 8 total, 8 available
 Memory: 5965M
 Large Page Support: Disabled
 NUMA Support: Disabled
 Compressed Oops: Enabled (32-bit)
 Alignments: Space 512K, Generation 512K, Heap 2M
 Heap Min Capacity: 100M
 Heap Initial Capacity: 100M
 Heap Max Capacity: 2G
 Pre-touch: Disabled
 Parallel Workers: 8
Heap:
 PSYoungGen      total 60416K, used 8912K [0x00000000d5580000, 0x00000000dc780000, 0x0000000100000000)
  eden space 57856K, 11% used [0x00000000d5580000,0x00000000d5bb7208,0x00000000d8e00000)
  from space 2560K, 99% used [0x00000000dc480000,0x00000000dc6fd058,0x00000000dc700000)
  to   space 512K, 0% used [0x00000000dc700000,0x00000000dc700000,0x00000000dc780000)
 ParOldGen       total 559616K, used 559558K [0x0000000080000000, 0x00000000a2280000, 0x00000000d5580000)
  object space 559616K, 99% used [0x0000000080000000,0x00000000a2271bd8,0x00000000a2280000)
 Metaspace       used 68773K, committed 70336K, reserved 1114112K
  class space    used 7043K, committed 7744K, reserved 1048576K
GC Heap History (20 events):
Event: 116.779 GC heap before
{Heap before GC invocations=1519 (full 3):
 PSYoungGen      total 80384K, used 75552K [0x00000000d5580000, 0x00000000db480000, 0x0000000100000000)
  eden space 72192K, 100% used [0x00000000d5580000,0x00000000d9c00000,0x00000000d9c00000)
  from space 8192K, 41% used [0x00000000d9c00000,0x00000000d9f48000,0x00000000da400000)
  to   space 5120K, 0% used [0x00000000daf80000,0x00000000daf80000,0x00000000db480000)
 ParOldGen       total 557568K, used 499607K [0x0000000080000000, 0x00000000a2080000, 0x00000000d5580000)
  object space 557568K, 89% used [0x0000000080000000,0x000000009e7e5c98,0x00000000a2080000)
 Metaspace       used 67046K, committed 68544K, reserved 1114112K
  class space    used 6858K, committed 7552K, reserved 1048576K
}
Event: 117.863 GC heap after
{Heap after GC invocations=1519 (full 3):
 PSYoungGen      total 80896K, used 5093K [0x00000000d5580000, 0x00000000dca80000, 0x0000000100000000)
  eden space 75776K, 0% used [0x00000000d5580000,0x00000000d5580000,0x00000000d9f80000)
  from space 5120K, 99% used [0x00000000daf80000,0x00000000db479698,0x00000000db480000)
  to   space 16384K, 0% used [0x00000000d9f80000,0x00000000d9f80000,0x00000000daf80000)
 ParOldGen       total 557568K, used 508536K [0x0000000080000000, 0x00000000a2080000, 0x00000000d5580000)
  object space 557568K, 91% used [0x0000000080000000,0x000000009f09e250,0x00000000a2080000)
 Metaspace       used 67046K, committed 68544K, reserved 1114112K
  class space    used 6858K, committed 7552K, reserved 1048576K
}
Event: 124.226 GC heap before
{Heap before GC invocations=1520 (full 3):
 PSYoungGen      total 80896K, used 80869K [0x00000000d5580000, 0x00000000dca80000, 0x0000000100000000)
  eden space 75776K, 100% used [0x00000000d5580000,0x00000000d9f80000,0x00000000d9f80000)
  from space 5120K, 99% used [0x00000000daf80000,0x00000000db479698,0x00000000db480000)
  to   space 16384K, 0% used [0x00000000d9f80000,0x00000000d9f80000,0x00000000daf80000)
 ParOldGen       total 557568K, used 508536K [0x0000000080000000, 0x00000000a2080000, 0x00000000d5580000)
  object space 557568K, 91% used [0x0000000080000000,0x000000009f09e250,0x00000000a2080000)
 Metaspace       used 67074K, committed 68608K, reserved 1114112K
  class space    used 6859K, committed 7552K, reserved 1048576K
}
Event: 124.337 GC heap after
{Heap after GC invocations=1520 (full 3):
 PSYoungGen      total 92160K, used 16370K [0x00000000d5580000, 0x00000000df080000, 0x0000000100000000)
  eden space 75776K, 0% used [0x00000000d5580000,0x00000000d5580000,0x00000000d9f80000)
  from space 16384K, 99% used [0x00000000d9f80000,0x00000000daf7c9d0,0x00000000daf80000)
  to   space 33792K, 0% used [0x00000000dcf80000,0x00000000dcf80000,0x00000000df080000)
 ParOldGen       total 557568K, used 522348K [0x0000000080000000, 0x00000000a2080000, 0x00000000d5580000)
  object space 557568K, 93% used [0x0000000080000000,0x000000009fe1b208,0x00000000a2080000)
 Metaspace       used 67074K, committed 68608K, reserved 1114112K
  class space    used 6859K, committed 7552K, reserved 1048576K
}
Event: 2574.032 GC heap before
{Heap before GC invocations=1521 (full 3):
 PSYoungGen      total 92160K, used 92146K [0x00000000d5580000, 0x00000000df080000, 0x0000000100000000)
  eden space 75776K, 99% used [0x00000000d5580000,0x00000000d9f7fff0,0x00000000d9f80000)
  from space 16384K, 99% used [0x00000000d9f80000,0x00000000daf7c9d0,0x00000000daf80000)
  to   space 33792K, 0% used [0x00000000dcf80000,0x00000000dcf80000,0x00000000df080000)
 ParOldGen       total 557568K, used 522348K [0x0000000080000000, 0x00000000a2080000, 0x00000000d5580000)
  object space 557568K, 93% used [0x0000000080000000,0x000000009fe1b208,0x00000000a2080000)
 Metaspace       used 67909K, committed 69440K, reserved 1114112K
  class space    used 6960K, committed 7680K, reserved 1048576K
}
Event: 2574.402 GC heap after
{Heap after GC invocations=1521 (full 3):
 PSYoungGen      total 88064K, used 14652K [0x00000000d5580000, 0x00000000dde00000, 0x0000000100000000)
  eden space 73216K, 0% used [0x00000000d5580000,0x00000000d5580000,0x00000000d9d00000)
  from space 14848K, 98% used [0x00000000dcf80000,0x00000000dddcf180,0x00000000dde00000)
  to   space 20480K, 0% used [0x00000000db600000,0x00000000db600000,0x00000000dca00000)
 ParOldGen       total 557568K, used 534767K [0x0000000080000000, 0x00000000a2080000, 0x00000000d5580000)
  object space 557568K, 95% used [0x0000000080000000,0x00000000a0a3bf10,0x00000000a2080000)
 Metaspace       used 67909K, committed 69440K, reserved 1114112K
  class space    used 6960K, committed 7680K, reserved 1048576K
}
Event: 2824.102 GC heap before
{Heap before GC invocations=1522 (full 3):
 PSYoungGen      total 88064K, used 87868K [0x00000000d5580000, 0x00000000dde00000, 0x0000000100000000)
  eden space 73216K, 100% used [0x00000000d5580000,0x00000000d9d00000,0x00000000d9d00000)
  from space 14848K, 98% used [0x00000000dcf80000,0x00000000dddcf180,0x00000000dde00000)
  to   space 20480K, 0% used [0x00000000db600000,0x00000000db600000,0x00000000dca00000)
 ParOldGen       total 557568K, used 534767K [0x0000000080000000, 0x00000000a2080000, 0x00000000d5580000)
  object space 557568K, 95% used [0x0000000080000000,0x00000000a0a3bf10,0x00000000a2080000)
 Metaspace       used 68049K, committed 69632K, reserved 1114112K
  class space    used 6966K, committed 7680K, reserved 1048576K
}
Event: 2824.545 GC heap after
{Heap after GC invocations=1522 (full 3):
 PSYoungGen      total 71168K, used 384K [0x00000000d5580000, 0x00000000dd000000, 0x0000000100000000)
  eden space 70656K, 0% used [0x00000000d5580000,0x00000000d5580000,0x00000000d9a80000)
  from space 512K, 75% used [0x00000000db600000,0x00000000db660000,0x00000000db680000)
  to   space 6656K, 0% used [0x00000000dc980000,0x00000000dc980000,0x00000000dd000000)
 ParOldGen       total 557568K, used 549106K [0x0000000080000000, 0x00000000a2080000, 0x00000000d5580000)
  object space 557568K, 98% used [0x0000000080000000,0x00000000a183c9e0,0x00000000a2080000)
 Metaspace       used 68049K, committed 69632K, reserved 1114112K
  class space    used 6966K, committed 7680K, reserved 1048576K
}
Event: 4188.835 GC heap before
{Heap before GC invocations=1523 (full 3):
 PSYoungGen      total 71168K, used 71040K [0x00000000d5580000, 0x00000000dd000000, 0x0000000100000000)
  eden space 70656K, 100% used [0x00000000d5580000,0x00000000d9a80000,0x00000000d9a80000)
  from space 512K, 75% used [0x00000000db600000,0x00000000db660000,0x00000000db680000)
  to   space 6656K, 0% used [0x00000000dc980000,0x00000000dc980000,0x00000000dd000000)
 ParOldGen       total 557568K, used 549106K [0x0000000080000000, 0x00000000a2080000, 0x00000000d5580000)
  object space 557568K, 98% used [0x0000000080000000,0x00000000a183c9e0,0x00000000a2080000)
 Metaspace       used 68566K, committed 70080K, reserved 1114112K
  class space    used 7014K, committed 7680K, reserved 1048576K
}
Event: 4189.025 GC heap after
{Heap after GC invocations=1523 (full 3):
 PSYoungGen      total 69632K, used 1097K [0x00000000d5580000, 0x00000000dcb00000, 0x0000000100000000)
  eden space 68096K, 0% used [0x00000000d5580000,0x00000000d5580000,0x00000000d9800000)
  from space 1536K, 71% used [0x00000000dc980000,0x00000000dca92440,0x00000000dcb00000)
  to   space 2048K, 0% used [0x00000000dc700000,0x00000000dc700000,0x00000000dc900000)
 ParOldGen       total 557568K, used 549170K [0x0000000080000000, 0x00000000a2080000, 0x00000000d5580000)
  object space 557568K, 98% used [0x0000000080000000,0x00000000a184c9e0,0x00000000a2080000)
 Metaspace       used 68566K, committed 70080K, reserved 1114112K
  class space    used 7014K, committed 7680K, reserved 1048576K
}
Event: 4189.436 GC heap before
{Heap before GC invocations=1524 (full 3):
 PSYoungGen      total 69632K, used 69193K [0x00000000d5580000, 0x00000000dcb00000, 0x0000000100000000)
  eden space 68096K, 100% used [0x00000000d5580000,0x00000000d9800000,0x00000000d9800000)
  from space 1536K, 71% used [0x00000000dc980000,0x00000000dca92440,0x00000000dcb00000)
  to   space 2048K, 0% used [0x00000000dc700000,0x00000000dc700000,0x00000000dc900000)
 ParOldGen       total 557568K, used 549170K [0x0000000080000000, 0x00000000a2080000, 0x00000000d5580000)
  object space 557568K, 98% used [0x0000000080000000,0x00000000a184c9e0,0x00000000a2080000)
 Metaspace       used 68580K, committed 70144K, reserved 1114112K
  class space    used 7014K, committed 7680K, reserved 1048576K
}
Event: 4189.487 GC heap after
{Heap after GC invocations=1524 (full 3):
 PSYoungGen      total 68096K, used 2032K [0x00000000d5580000, 0x00000000dca00000, 0x0000000100000000)
  eden space 66048K, 0% used [0x00000000d5580000,0x00000000d5580000,0x00000000d9600000)
  from space 2048K, 99% used [0x00000000dc700000,0x00000000dc8fc370,0x00000000dc900000)
  to   space 1024K, 0% used [0x00000000dc900000,0x00000000dc900000,0x00000000dca00000)
 ParOldGen       total 557568K, used 550284K [0x0000000080000000, 0x00000000a2080000, 0x00000000d5580000)
  object space 557568K, 98% used [0x0000000080000000,0x00000000a1963230,0x00000000a2080000)
 Metaspace       used 68580K, committed 70144K, reserved 1114112K
  class space    used 7014K, committed 7680K, reserved 1048576K
}
Event: 4189.761 GC heap before
{Heap before GC invocations=1525 (full 3):
 PSYoungGen      total 68096K, used 68080K [0x00000000d5580000, 0x00000000dca00000, 0x0000000100000000)
  eden space 66048K, 100% used [0x00000000d5580000,0x00000000d9600000,0x00000000d9600000)
  from space 2048K, 99% used [0x00000000dc700000,0x00000000dc8fc370,0x00000000dc900000)
  to   space 1024K, 0% used [0x00000000dc900000,0x00000000dc900000,0x00000000dca00000)
 ParOldGen       total 557568K, used 550284K [0x0000000080000000, 0x00000000a2080000, 0x00000000d5580000)
  object space 557568K, 98% used [0x0000000080000000,0x00000000a1963230,0x00000000a2080000)
 Metaspace       used 68582K, committed 70144K, reserved 1114112K
  class space    used 7014K, committed 7680K, reserved 1048576K
}
Event: 4189.788 GC heap after
{Heap after GC invocations=1525 (full 3):
 PSYoungGen      total 65024K, used 1024K [0x00000000d5580000, 0x00000000dca00000, 0x0000000100000000)
  eden space 64000K, 0% used [0x00000000d5580000,0x00000000d5580000,0x00000000d9400000)
  from space 1024K, 100% used [0x00000000dc900000,0x00000000dca00000,0x00000000dca00000)
  to   space 4608K, 0% used [0x00000000dc100000,0x00000000dc100000,0x00000000dc580000)
 ParOldGen       total 557568K, used 553466K [0x0000000080000000, 0x00000000a2080000, 0x00000000d5580000)
  object space 557568K, 99% used [0x0000000080000000,0x00000000a1c7e958,0x00000000a2080000)
 Metaspace       used 68582K, committed 70144K, reserved 1114112K
  class space    used 7014K, committed 7680K, reserved 1048576K
}
Event: 4190.012 GC heap before
{Heap before GC invocations=1526 (full 3):
 PSYoungGen      total 65024K, used 65024K [0x00000000d5580000, 0x00000000dca00000, 0x0000000100000000)
  eden space 64000K, 100% used [0x00000000d5580000,0x00000000d9400000,0x00000000d9400000)
  from space 1024K, 100% used [0x00000000dc900000,0x00000000dca00000,0x00000000dca00000)
  to   space 4608K, 0% used [0x00000000dc100000,0x00000000dc100000,0x00000000dc580000)
 ParOldGen       total 557568K, used 553466K [0x0000000080000000, 0x00000000a2080000, 0x00000000d5580000)
  object space 557568K, 99% used [0x0000000080000000,0x00000000a1c7e958,0x00000000a2080000)
 Metaspace       used 68587K, committed 70144K, reserved 1114112K
  class space    used 7014K, committed 7680K, reserved 1048576K
}
Event: 4190.023 GC heap after
{Heap after GC invocations=1526 (full 3):
 PSYoungGen      total 66560K, used 1602K [0x00000000d5580000, 0x00000000dc980000, 0x0000000100000000)
  eden space 61952K, 0% used [0x00000000d5580000,0x00000000d5580000,0x00000000d9200000)
  from space 4608K, 34% used [0x00000000dc100000,0x00000000dc290800,0x00000000dc580000)
  to   space 2560K, 0% used [0x00000000dc700000,0x00000000dc700000,0x00000000dc980000)
 ParOldGen       total 557568K, used 554247K [0x0000000080000000, 0x00000000a2080000, 0x00000000d5580000)
  object space 557568K, 99% used [0x0000000080000000,0x00000000a1d41ed8,0x00000000a2080000)
 Metaspace       used 68587K, committed 70144K, reserved 1114112K
  class space    used 7014K, committed 7680K, reserved 1048576K
}
Event: 4190.330 GC heap before
{Heap before GC invocations=1527 (full 3):
 PSYoungGen      total 66560K, used 63554K [0x00000000d5580000, 0x00000000dc980000, 0x0000000100000000)
  eden space 61952K, 100% used [0x00000000d5580000,0x00000000d9200000,0x00000000d9200000)
  from space 4608K, 34% used [0x00000000dc100000,0x00000000dc290800,0x00000000dc580000)
  to   space 2560K, 0% used [0x00000000dc700000,0x00000000dc700000,0x00000000dc980000)
 ParOldGen       total 557568K, used 554247K [0x0000000080000000, 0x00000000a2080000, 0x00000000d5580000)
  object space 557568K, 99% used [0x0000000080000000,0x00000000a1d41ed8,0x00000000a2080000)
 Metaspace       used 68597K, committed 70144K, reserved 1114112K
  class space    used 7014K, committed 7680K, reserved 1048576K
}
Event: 4190.348 GC heap after
{Heap after GC invocations=1527 (full 3):
 PSYoungGen      total 62464K, used 2165K [0x00000000d5580000, 0x00000000dc980000, 0x0000000100000000)
  eden space 59904K, 0% used [0x00000000d5580000,0x00000000d5580000,0x00000000d9000000)
  from space 2560K, 84% used [0x00000000dc700000,0x00000000dc91d7b0,0x00000000dc980000)
  to   space 2560K, 0% used [0x00000000dc480000,0x00000000dc480000,0x00000000dc700000)
 ParOldGen       total 557568K, used 555749K [0x0000000080000000, 0x00000000a2080000, 0x00000000d5580000)
  object space 557568K, 99% used [0x0000000080000000,0x00000000a1eb9438,0x00000000a2080000)
 Metaspace       used 68597K, committed 70144K, reserved 1114112K
  class space    used 7014K, committed 7680K, reserved 1048576K
}
Event: 4191.037 GC heap before
{Heap before GC invocations=1528 (full 3):
 PSYoungGen      total 62464K, used 62069K [0x00000000d5580000, 0x00000000dc980000, 0x0000000100000000)
  eden space 59904K, 100% used [0x00000000d5580000,0x00000000d9000000,0x00000000d9000000)
  from space 2560K, 84% used [0x00000000dc700000,0x00000000dc91d7b0,0x00000000dc980000)
  to   space 2560K, 0% used [0x00000000dc480000,0x00000000dc480000,0x00000000dc700000)
 ParOldGen       total 557568K, used 555749K [0x0000000080000000, 0x00000000a2080000, 0x00000000d5580000)
  object space 557568K, 99% used [0x0000000080000000,0x00000000a1eb9438,0x00000000a2080000)
 Metaspace       used 68752K, committed 70336K, reserved 1114112K
  class space    used 7042K, committed 7744K, reserved 1048576K
}
Event: 4191.053 GC heap after
{Heap after GC invocations=1528 (full 3):
 PSYoungGen      total 60416K, used 2548K [0x00000000d5580000, 0x00000000dc780000, 0x0000000100000000)
  eden space 57856K, 0% used [0x00000000d5580000,0x00000000d5580000,0x00000000d8e00000)
  from space 2560K, 99% used [0x00000000dc480000,0x00000000dc6fd058,0x00000000dc700000)
  to   space 512K, 0% used [0x00000000dc700000,0x00000000dc700000,0x00000000dc780000)
 ParOldGen       total 559616K, used 559558K [0x0000000080000000, 0x00000000a2280000, 0x00000000d5580000)
  object space 559616K, 99% used [0x0000000080000000,0x00000000a2271bd8,0x00000000a2280000)
 Metaspace       used 68752K, committed 70336K, reserved 1114112K
  class space    used 7042K, committed 7744K, reserved 1048576K
}

